make all --print-data-base --no-builtin-variables --no-builtin-rules --question
# GNU Make 4.4
# Built for x86_64-pc-linux-gnu
# Copyright (C) 1988-2022 Free Software Foundation, Inc.
# License GPLv3+: GNU GPL version 3 or later <https://gnu.org/licenses/gpl.html>
# This is free software: you are free to change and redistribute it.
# There is NO WARRANTY, to the extent permitted by law.

# Make data base, printed on Wed Feb 15 15:31:08 2023

# Variables

# environment
GDK_BACKEND = x11
# environment
CADENCE_AUTO_STARTED = true
# environment
LC_ALL = C
# environment
NO_AT_BRIDGE = 1
# makefile (from 'Makefile', line 10)
EXT = 
# environment
GTK_RC_FILES = /etc/gtk/gtkrc:/home/muncher/.gtkrc:/home/muncher/.config/gtkrc
# environment
KONSOLE_DBUS_SERVICE = :1.2432
# environment
LC_NAME = en_AU.UTF-8
# environment
LC_NUMERIC = en_AU.UTF-8
# environment
VSCODE_CWD = /home/muncher/Documents/development/git/sprpck/src
# environment
WINDOWID = 85983242
# environment
 
LC_ADDRESS = en_AU.UTF-8
# default
MAKE_COMMAND := make
# environment
GTK3_MODULES = xapp-gtk3-module
# environment
LADSPA_PATH = /home/muncher/.ladspa:/usr/lib/ladspa:/usr/local/lib/ladspa
# automatic
@D = $(patsubst %/,%,$(dir $@))
# environment
KONSOLE_VERSION = 221202
# environment
VSCODE_HANDLES_UNCAUGHT_ERRORS = true
# default
.VARIABLES := 
# environment
PWD = /home/muncher/Documents/development/git/sprpck/src
# automatic
%D = $(patsubst %/,%,$(dir $%))
# environment
MAIL = /var/spool/mail/muncher
# environment
OLDPWD = /home/muncher/Documents/development/git/sprpck
# environment
KONSOLE_DBUS_WINDOW = /Windows/1
# automatic
^D = $(patsubst %/,%,$(dir $^))
# automatic
%F = $(notdir $%)
# environment
VSCODE_CODE_CACHE_PATH = /home/muncher/.config/Code/CachedData/97dec172d3256f8ca4bfb2143f3f76b503ca0534
# environment
CONDA_PROMPT_MODIFIER = (base) 
# environment
XDG_SESSION_PATH = /org/freedesktop/DisplayManager/Session1
# environment
LANG = C
# makefile (from 'Makefile', line 18)
H_SRC = sprpck.h bmp.h
# environment
XAUTHORITY = /home/muncher/.Xauthority
# default
.LOADED := 
# default
.INCLUDE_DIRS := /usr/local/include /usr/include
# environment
COLORFGBG = 15;0
# makefile
MAKEFLAGS = pqrR -j33 --jobserver-auth=fifo:/tmp/GMfifo62611
# makefile (from 'Makefile', line 16)
C_SRC = io.c sprpck.c bin2obj.c
# environment
FANCYGIT_VERSION = 7.1.8
# makefile
CURDIR := /home/muncher/Documents/development/git/sprpck/src
# makefile (from 'Makefile', line 9)
DST = .
# environment
APPLICATION_INSIGHTS_NO_DIAGNOSTIC_CHANNEL = 1
# automatic
*D = $(patsubst %/,%,$(dir $*))
# environment
PAM_KWALLET5_LOGIN = /run/user/1000/kwallet5.socket
# environment
MFLAGS = -pqrR -j33 --jobserver-auth=fifo:/tmp/GMfifo62611
# default
.SHELLFLAGS := -c
# environment
QT_LINUX_ACCESSIBILITY_ALWAYS_ON = 1
# environment
XDG_CONFIG_DIRS = /home/muncher/.config/kdedefaults:/etc/xdg
# automatic
+D = $(patsubst %/,%,$(dir $+))
# environment
XCURSOR_THEME = breeze_cursors
# environment
XDG_SESSION_DESKTOP = KDE
# makefile (from 'Makefile', line 1)
MAKEFILE_LIST := Makefile
# environment
CONDA_SHLVL = 1
# environment
LV2_PATH = /home/muncher/.lv2:/usr/lib/lv2:/usr/local/lib/lv2
# automatic
@F = $(notdir $@)
# environment
VSCODE_PID = 62161
# environment
XDG_SESSION_TYPE = x11
# environment
CUDA_PATH = /opt/cuda
# automatic
?D = $(patsubst %/,%,$(dir $?))
# environment
CONDA_PYTHON_EXE = /home/muncher/miniconda3/bin/python
# automatic
*F = $(notdir $*)
# environment
VST_PATH = /home/muncher/.vst:/usr/lib/vst:/usr/local/lib/vst
# environment
CHROME_DESKTOP = code-url-handler.desktop
# environment
DBUS_SESSION_BUS_ADDRESS = unix:path=/run/user/1000/bus
# automatic
<D = $(patsubst %/,%,$(dir $<))
# environment
VSCODE_NLS_CONFIG = {"locale":"en-gb","availableLanguages":{},"_languagePackSupport":true}
# default
MAKE_HOST := x86_64-pc-linux-gnu
# environment
CONDA_PREFIX = /home/muncher/miniconda3
# makefile
SHELL = /bin/sh
# default
MAKECMDGOALS := all
# environment
SHLVL = 2
# environment
PROFILEHOME = 
# environment
MAKELEVEL := 0
# default
MAKE = $(MAKE_COMMAND)
# environment
PATH = /usr/local/texlive/2022/bin/x86_64-linux:/home/muncher/Applications/KickAssembler:/usr/local/lib/cc65/bin:/home/muncher/miniconda3/bin:/home/muncher/miniconda3/condabin:/home/muncher/.cargo/bin:/home/muncher/.local/bin:/usr/local/sbin:/usr/local/bin:/usr/bin:/opt/cuda/bin:/opt/cuda/nsight_compute:/opt/cuda/nsight_systems/bin:/usr/lib/emscripten:/usr/lib/jvm/default/bin:/usr/bin/site_perl:/usr/bin/vendor_perl:/usr/bin/core_perl:/home/muncher/.fzf/bin
# default
MAKEFILES := 
# environment
LANGUAGE = 
# environment
LC_MONETARY = en_AU.UTF-8
# environment
MOTD_SHOWN = pam
# automatic
^F = $(notdir $^)
# environment
LC_TIME = en_AU.UTF-8
# environment
INVOCATION_ID = 050bacf1613d4240925d46ed9a408734
# environment
LC_TELEPHONE = en_AU.UTF-8
# automatic
?F = $(notdir $?)
# environment
KDE_APPLICATIONS_AS_SCOPE = 1
# environment
XDG_SEAT = seat0
# environment
DSSI_PATH = /home/muncher/.dssi:/usr/lib/dssi:/usr/local/lib/dssi
# environment
XDG_CURRENT_DESKTOP = KDE
# environment
LS_COLORS = rs=0:di=01;34:ln=01;36:mh=00:pi=40;33:so=01;35:do=01;35:bd=40;33;01:cd=40;33;01:or=01;05;37;41:mi=01;05;37;41:su=37;41:sg=30;43:ca=30;41:tw=30;42:ow=34;42:st=37;44:ex=01;32:*.tar=01;31:*.tgz=01;31:*.arc=01;31:*.arj=01;31:*.taz=01;31:*.lha=01;31:*.lz4=01;31:*.lzh=01;31:*.lzma=01;31:*.tlz=01;31:*.txz=01;31:*.tzo=01;31:*.t7z=01;31:*.zip=01;31:*.z=01;31:*.Z=01;31:*.dz=01;31:*.gz=01;31:*.lrz=01;31:*.lz=01;31:*.lzo=01;31:*.xz=01;31:*.bz2=01;31:*.bz=01;31:*.tbz=01;31:*.tbz2=01;31:*.tz=01;31:*.deb=01;31:*.rpm=01;31:*.jar=01;31:*.war=01;31:*.ear=01;31:*.sar=01;31:*.rar=01;31:*.alz=01;31:*.ace=01;31:*.zoo=01;31:*.cpio=01;31:*.7z=01;31:*.rz=01;31:*.cab=01;31:*.jpg=01;35:*.jpeg=01;35:*.gif=01;35:*.bmp=01;35:*.pbm=01;35:*.pgm=01;35:*.ppm=01;35:*.tga=01;35:*.xbm=01;35:*.xpm=01;35:*.tif=01;35:*.tiff=01;35:*.png=01;35:*.svg=01;35:*.svgz=01;35:*.mng=01;35:*.pcx=01;35:*.mov=01;35:*.mpg=01;35:*.mpeg=01;35:*.m2v=01;35:*.mkv=01;35:*.webm=01;35:*.ogm=01;35:*.mp4=01;35:*.m4v=01;35:*.mp4v=01;35:*.vob=01;35:*.qt=01;35:*.nuv=01;35:*.wmv=01;35:*.asf=01;35:*.rm=01;35:*.rmvb=01;35:*.flc=01;35:*.avi=01;35:*.fli=01;35:*.flv=01;35:*.gl=01;35:*.dl=01;35:*.xcf=01;35:*.xwd=01;35:*.yuv=01;35:*.cgm=01;35:*.emf=01;35:*.axv=01;35:*.anx=01;35:*.ogv=01;35:*.ogx=01;35:*.pdf=00;32:*.ps=00;32:*.txt=00;32:*.patch=00;32:*.diff=00;32:*.log=00;32:*.tex=00;32:*.doc=00;32:*.aac=00;36:*.au=00;36:*.flac=00;36:*.m4a=00;36:*.mid=00;36:*.midi=00;36:*.mka=00;36:*.mp3=00;36:*.mpc=00;36:*.ogg=00;36:*.ra=00;36:*.wav=00;36:*.axa=00;36:*.oga=00;36:*.spx=00;36:*.xspf=00;36:
# automatic
+F = $(notdir $+)
# environment
XDG_SEAT_PATH = /org/freedesktop/DisplayManager/Seat0
# environment
DESKTOP_SESSION = plasma
# environment
ORIGINAL_XDG_CURRENT_DESKTOP = KDE
# 'override' directive
GNUMAKEFLAGS := 
# environment
CONDA_DEFAULT_ENV = base
# environment
LOGNAME = muncher
# environment
XDG_VTNR = 1
# makefile
.DEFAULT_GOAL := all
# environment
SYSTEMD_EXEC_PID = 1228
# makefile (from 'Makefile', line 12)
RM = rm -f
# environment
DISPLAY = :0
# environment
GTK_MODULES = canberra-gtk-module
# environment
USER = muncher
# default
MAKE_VERSION := 4.4
# environment
KDE_SESSION_UID = 1000
# environment
KONSOLE_DBUS_SESSION = /Sessions/1
# environment
MANAGERPID = 1103
# environment
LC_MEASUREMENT = en_AU.UTF-8
# environment
DEBUGINFOD_URLS = https://debuginfod.archlinux.org
# environment
_ = /usr/bin/make
# environment
LC_PAPER = en_AU.UTF-8
# environment
XDG_RUNTIME_DIR = /run/user/1000
# makefile (from 'Makefile', line 14)
CFLAGS = -Os -fomit-frame-pointer -DUNIX
# environment
COLORTERM = truecolor
# environment
_CE_M = 
# environment
JOURNAL_STREAM = 8:26379
# environment
XDG_SESSION_CLASS = user
# environment
VSCODE_AMD_ENTRYPOINT = vs/workbench/api/node/extensionHostProcess
# environment
GTK2_RC_FILES = /etc/gtk-2.0/gtkrc:/home/muncher/.gtkrc-2.0:/home/muncher/.config/gtkrc-2.0
# environment
HOME = /home/muncher
# environment
ELECTRON_RUN_AS_NODE = 1
# environment
VSCODE_IPC_HOOK = /run/user/1000/vscode-2d025087-1.74.3-main.sock
# environment
TERM = xterm-256color
# environment
XDG_SESSION_ID = 2
# environment
XCURSOR_SIZE = 24
# default
.RECIPEPREFIX := 
# automatic
<F = $(notdir $<)
# default
SUFFIXES := 
# environment
QT_AUTO_SCREEN_SCALE_FACTOR = 0
# environment
VSCODE_CLI = 1
# environment
ELECTRON_NO_ATTACH_CONSOLE = 1
# environment
SHELL_SESSION_ID = 27cc2705dd43429a89aba331e5fb8a48
# environment
KDE_SESSION_VERSION = 5
# default
.FEATURES := target-specific order-only second-expansion else-if shortest-stem undefine oneshell nocomment grouped-target extra-prereqs notintermediate shell-export archives jobserver jobserver-fifo output-sync check-symlink guile load
# makefile (from 'Makefile', line 8)
CC = gcc
# environment
KDE_FULL_SESSION = true
# environment
CONDA_EXE = /home/muncher/miniconda3/bin/conda
# environment
_CE_CONDA = 
# environment
LC_IDENTIFICATION = en_AU.UTF-8
# variable set hash-table stats:
# Load=138/1024=13%, Rehash=0, Collisions=13/183=7%

# Pattern-specific Variable Values

# No pattern-specific variable values.

# Directories

# . (device 66305, inode 7344170): 14 files, no impossibilities.

# 14 files, no impossibilities in 1 directories.

# Implicit Rules

%.o: %.c
#  recipe to execute (from 'Makefile', line 27):
	$(CC) -c $(CFLAGS) $< -o $@

# 1 implicit rules, 0 (0.0%) terminal.
# Files

sprpck.o: sprpck.c
#  Implicit rule search has been done.
#  Implicit/static pattern stem: 'sprpck'
#  File is secondary (prerequisite of .SECONDARY).
#  Last modified 2023-02-15 15:30:36.266660157
#  File has been updated.
#  Successfully updated.
#  recipe to execute (from 'Makefile', line 27):
	$(CC) -c $(CFLAGS) $< -o $@

# makefile (from 'Makefile', line 23)
debug: CFLAGS += -g -DDEBUG
debug: all
#  Implicit rule search has not been done.
#  Modification time never checked.
#  File has not been updated.
# variable set hash-table stats:
# Load=1/32=3%, Rehash=0, Collisions=0/3=0%

# Not a target:
Makefile:
#  Implicit rule search has been done.
#  File is secondary (prerequisite of .SECONDARY).
#  Last modified 2023-02-13 11:01:25.679078548
#  File has been updated.
#  Successfully updated.

# Not a target:
sprpck.h:
#  Implicit rule search has been done.
#  File is secondary (prerequisite of .SECONDARY).
#  Last modified 2023-02-13 11:01:25.679078548
#  File has been updated.
#  Successfully updated.

clean:
#  Implicit rule search has not been done.
#  Modification time never checked.
#  File has not been updated.
#  recipe to execute (from 'Makefile', line 37):
	$(RM) *.o
	$(RM) core

.phony: all clean
#  Implicit rule search has not been done.
#  Modification time never checked.
#  File has not been updated.

# Not a target:
sprpck.c:
#  Implicit rule search has been done.
#  File is secondary (prerequisite of .SECONDARY).
#  Last modified 2023-02-15 15:27:04.109231339
#  File has been updated.
#  Successfully updated.

# Not a target:
.DEFAULT:
#  Implicit rule search has not been done.
#  Modification time never checked.
#  File has not been updated.

all: sprpck
#  Command line target.
#  Implicit rule search has been done.
#  File does not exist.
#  File has been updated.
#  Successfully updated.

io.o: io.c io.c bmp.h
#  Implicit rule search has been done.
#  Implicit/static pattern stem: 'io'
#  File is secondary (prerequisite of .SECONDARY).
#  Last modified 2023-02-15 15:30:36.229992729
#  File has been updated.
#  Successfully updated.
#  recipe to execute (from 'Makefile', line 27):
	$(CC) -c $(CFLAGS) $< -o $@

# Not a target:
io.c:
#  Implicit rule search has been done.
 
#  File is secondary (prerequisite of .SECONDARY).
#  Last modified 2023-02-13 11:06:32.542382398
#  File has been updated.
#  Successfully updated.

sprpck: io.o sprpck.o sprpck.h
#  Implicit rule search has not been done.
#  File is secondary (prerequisite of .SECONDARY).
#  Last modified 2023-02-15 15:30:36.279993767
#  File has been updated.
#  Successfully updated.
#  recipe to execute (from 'Makefile', line 30):
	$(CC) -o $@ sprpck.o io.o

# Not a target:
bmp.h:
#  Implicit rule search has been done.
#  File is secondary (prerequisite of .SECONDARY).
#  Last modified 2023-02-13 11:01:25.679078548
#  File has been updated.
#  Successfully updated.

# files hash-table stats:
# Load=14/1024=1%, Rehash=0, Collisions=2/45=4%
# VPATH Search Paths

# No 'vpath' search paths.

# No general ('VPATH' variable) search path.

# strcache buffers: 1 (0) / strings = 25 / storage = 193 B / avg = 7 B
# current buf: size = 8162 B / used = 193 B / count = 25 / avg = 7 B

# strcache performance: lookups = 57 / hit rate = 56%
# hash-table stats:
# Load=25/8192=0%, Rehash=0, Collisions=0/57=0%
# Finished Make data base on Wed Feb 15 15:31:08 2023

 
